<?xml version="1.0" encoding="UTF-8"?>
<!-- Generated by org.testng.reporters.JUnitXMLReporter -->
<testsuite ignored="0" hostname="DESKTOP-75SF3QH" failures="1" tests="1" name="Test" time="17.768" errors="0" timestamp="2022-05-01T18:38:03 IST">
  <testcase classname="test.Homepage" name="mouseAction" time="0.962">
    <failure type="java.lang.IllegalArgumentException" message="Driver must be set">
      <![CDATA[java.lang.IllegalArgumentException: Driver must be set
at org.openqa.selenium.internal.Require.nonNull(Require.java:59)
at org.openqa.selenium.interactions.Actions.<init>(Actions.java:68)
at pom.MainPage.moveMouseOnId(MainPage.java:20)
at test.Homepage.mouseAction(Homepage.java:21)
at java.base/java.util.ArrayList.forEach(ArrayList.java:1511)
... Removed 27 stack frames]]>
    </failure>
  </testcase> <!-- mouseAction -->
</testsuite> <!-- Test -->
