<?xml version="1.0" encoding="UTF-8"?>
<testng-results ignored="0" total="1" passed="1" failed="0" skipped="0">
  <reporter-output>
  </reporter-output>
  <suite started-at="2022-05-11T14:43:34 IST" name="Default suite" finished-at="2022-05-11T14:44:08 IST" duration-ms="33749">
    <groups>
    </groups>
    <test started-at="2022-05-11T14:43:34 IST" name="Default test" finished-at="2022-05-11T14:44:08 IST" duration-ms="33749">
      <class name="test.NykaaTest">
        <test-method is-config="true" signature="configureExtentReports()[pri:0, instance:test.NykaaTest@1e6a3214]" started-at="2022-05-11T14:43:34 IST" name="configureExtentReports" finished-at="2022-05-11T14:43:35 IST" duration-ms="703" status="PASS">
          <reporter-output>
          </reporter-output>
        </test-method> <!-- configureExtentReports -->
        <test-method is-config="true" signature="launchBrowser()[pri:0, instance:test.NykaaTest@1e6a3214]" started-at="2022-05-11T14:43:35 IST" name="launchBrowser" finished-at="2022-05-11T14:43:56 IST" duration-ms="21926" status="PASS">
          <reporter-output>
          </reporter-output>
        </test-method> <!-- launchBrowser -->
        <test-method signature="MouseHover()[pri:0, instance:test.NykaaTest@1e6a3214]" started-at="2022-05-11T14:43:56 IST" name="MouseHover" finished-at="2022-05-11T14:44:03 IST" duration-ms="6331" status="PASS">
          <reporter-output>
          </reporter-output>
        </test-method> <!-- MouseHover -->
        <test-method is-config="true" signature="testout(org.testng.ITestResult)[pri:0, instance:test.NykaaTest@1e6a3214]" started-at="2022-05-11T14:44:03 IST" name="testout" finished-at="2022-05-11T14:44:03 IST" duration-ms="20" status="PASS">
          <params>
            <param index="0">
              <value>
                <![CDATA[[TestResult name=MouseHover status=SUCCESS method=NykaaTest.MouseHover()[pri:0, instance:test.NykaaTest@1e6a3214] output={null}]]]>
              </value>
            </param>
          </params>
          <reporter-output>
          </reporter-output>
        </test-method> <!-- testout -->
        <test-method is-config="true" signature="flushReports()[pri:0, instance:test.NykaaTest@1e6a3214]" started-at="2022-05-11T14:44:03 IST" name="flushReports" finished-at="2022-05-11T14:44:08 IST" duration-ms="4695" status="PASS">
          <reporter-output>
          </reporter-output>
        </test-method> <!-- flushReports -->
      </class> <!-- test.NykaaTest -->
    </test> <!-- Default test -->
  </suite> <!-- Default suite -->
</testng-results>
